e:\openg\glcs\openglcsgame\openglcsgame\x64\debug\vc142.pdb
e:\openg\glcs\openglcsgame\openglcsgame\x64\debug\vc142.idb
e:\openg\glcs\openglcsgame\openglcsgame\x64\debug\glad.obj
e:\openg\glcs\openglcsgame\openglcsgame\x64\debug\main.obj
e:\openg\glcs\openglcsgame\openglcsgame\x64\debug\window.obj
e:\openg\glcs\openglcsgame\openglcsgame\x64\debug\shader.obj
e:\openg\glcs\openglcsgame\openglcsgame\x64\debug\texture.obj
e:\openg\glcs\openglcsgame\openglcsgame\x64\debug\stb_image.obj
e:\openg\glcs\openglcsgame\openglcsgame\x64\debug\time.obj
e:\openg\glcs\openglcsgame\openglcsgame\x64\debug\resourcemanager.obj
e:\openg\glcs\openglcsgame\x64\debug\openglcsgame.exe
e:\openg\glcs\openglcsgame\x64\debug\openglcsgame.ilk
e:\openg\glcs\openglcsgame\x64\debug\openglcsgame.pdb
e:\openg\glcs\openglcsgame\openglcsgame\x64\debug\openglcsgame.res
e:\openg\glcs\openglcsgame\openglcsgame\x64\debug\openglcsgame.tlog\cl.command.1.tlog
e:\openg\glcs\openglcsgame\openglcsgame\x64\debug\openglcsgame.tlog\cl.read.1.tlog
e:\openg\glcs\openglcsgame\openglcsgame\x64\debug\openglcsgame.tlog\cl.write.1.tlog
e:\openg\glcs\openglcsgame\openglcsgame\x64\debug\openglcsgame.tlog\link-cvtres.read.1.tlog
e:\openg\glcs\openglcsgame\openglcsgame\x64\debug\openglcsgame.tlog\link-cvtres.write.1.tlog
e:\openg\glcs\openglcsgame\openglcsgame\x64\debug\openglcsgame.tlog\link-rc.read.1.tlog
e:\openg\glcs\openglcsgame\openglcsgame\x64\debug\openglcsgame.tlog\link-rc.write.1.tlog
e:\openg\glcs\openglcsgame\openglcsgame\x64\debug\openglcsgame.tlog\link.197456-cvtres.read.1.tlog
e:\openg\glcs\openglcsgame\openglcsgame\x64\debug\openglcsgame.tlog\link.197456-cvtres.write.1.tlog
e:\openg\glcs\openglcsgame\openglcsgame\x64\debug\openglcsgame.tlog\link.197456-rc.read.1.tlog
e:\openg\glcs\openglcsgame\openglcsgame\x64\debug\openglcsgame.tlog\link.197456-rc.write.1.tlog
e:\openg\glcs\openglcsgame\openglcsgame\x64\debug\openglcsgame.tlog\link.197456.read.1.tlog
e:\openg\glcs\openglcsgame\openglcsgame\x64\debug\openglcsgame.tlog\link.197456.write.1.tlog
e:\openg\glcs\openglcsgame\openglcsgame\x64\debug\openglcsgame.tlog\link.command.1.tlog
e:\openg\glcs\openglcsgame\openglcsgame\x64\debug\openglcsgame.tlog\link.read.1.tlog
e:\openg\glcs\openglcsgame\openglcsgame\x64\debug\openglcsgame.tlog\link.write.1.tlog
e:\openg\glcs\openglcsgame\openglcsgame\x64\debug\openglcsgame.tlog\rc.command.1.tlog
e:\openg\glcs\openglcsgame\openglcsgame\x64\debug\openglcsgame.tlog\rc.read.1.tlog
e:\openg\glcs\openglcsgame\openglcsgame\x64\debug\openglcsgame.tlog\rc.write.1.tlog
